<?xml version="1.0" encoding="utf-8"?><testsuites name="pytest tests"><testsuite name="pytest" errors="0" failures="0" skipped="0" tests="19" time="8.110" timestamp="2026-04-30T13:11:09.639941+00:00" hostname="agent-env-258ef6bb-7ee3-4a66-b9ec-592c0f202a6a"><testcase classname="backend.tests.backend_test.TestAuth" name="test_root" time="0.224" /><testcase classname="backend.tests.backend_test.TestAuth" name="test_login_bad" time="0.371" /><testcase classname="backend.tests.backend_test.TestAuth" name="test_me" time="0.486" /><testcase classname="backend.tests.backend_test.TestAuth" name="test_me_no_token" time="0.115" /><testcase classname="backend.tests.backend_test.TestAuth" name="test_register_duplicate" time="0.107" /><testcase classname="backend.tests.backend_test.TestAuth" name="test_register_new" time="0.335" /><testcase classname="backend.tests.backend_test.TestProducts" name="test_product_crud" time="0.624" /><testcase classname="backend.tests.backend_test.TestProducts" name="test_products_requires_auth" time="0.099" /><testcase classname="backend.tests.backend_test.TestCustomers" name="test_customer_crud" time="0.385" /><testcase classname="backend.tests.backend_test.TestNotes" name="test_note_create_and_order_number" time="1.396" /><testcase classname="backend.tests.backend_test.TestDashboard" name="test_stats" time="0.107" /><testcase classname="backend.tests.backend_test.TestDashboard" name="test_stats_period_day" time="0.115" /><testcase classname="backend.tests.backend_test.TestDashboard" name="test_stats_period_week" time="0.111" /><testcase classname="backend.tests.backend_test.TestDashboard" name="test_stats_period_month" time="0.126" /><testcase classname="backend.tests.backend_test.TestDashboard" name="test_stats_period_year" time="0.109" /><testcase classname="backend.tests.backend_test.TestIteration2Fields" name="test_product_stock_field_persists" time="0.709" /><testcase classname="backend.tests.backend_test.TestIteration2Fields" name="test_customer_account_balance_persists" time="0.678" /><testcase classname="backend.tests.backend_test.TestIteration2Fields" name="test_note_customer_account_balance_persists" time="0.787" /><testcase classname="backend.tests.backend_test.TestMultiTenant" name="test_isolation" time="1.015" /></testsuite></testsuites>