<?xml version="1.0" encoding="utf-8"?><testsuites name="pytest tests"><testsuite name="pytest" errors="0" failures="0" skipped="0" tests="12" time="5.367" timestamp="2026-04-30T04:47:50.142494+00:00" hostname="agent-env-258ef6bb-7ee3-4a66-b9ec-592c0f202a6a"><testcase classname="backend.tests.backend_test.TestAuth" name="test_root" time="0.206" /><testcase classname="backend.tests.backend_test.TestAuth" name="test_login_bad" time="0.367" /><testcase classname="backend.tests.backend_test.TestAuth" name="test_me" time="0.470" /><testcase classname="backend.tests.backend_test.TestAuth" name="test_me_no_token" time="0.175" /><testcase classname="backend.tests.backend_test.TestAuth" name="test_register_duplicate" time="0.102" /><testcase classname="backend.tests.backend_test.TestAuth" name="test_register_new" time="0.328" /><testcase classname="backend.tests.backend_test.TestProducts" name="test_product_crud" time="0.553" /><testcase classname="backend.tests.backend_test.TestProducts" name="test_products_requires_auth" time="0.136" /><testcase classname="backend.tests.backend_test.TestCustomers" name="test_customer_crud" time="0.567" /><testcase classname="backend.tests.backend_test.TestNotes" name="test_note_create_and_order_number" time="1.110" /><testcase classname="backend.tests.backend_test.TestDashboard" name="test_stats" time="0.105" /><testcase classname="backend.tests.backend_test.TestMultiTenant" name="test_isolation" time="1.048" /></testsuite></testsuites>